mode: set
stad_projekt/storage/postgres/postgres.go:19.43,20.30 1 1
stad_projekt/storage/postgres/postgres.go:23.2,23.26 1 1
stad_projekt/storage/postgres/postgres.go:20.30,22.3 1 1
stad_projekt/storage/postgres/postgres.go:27.30,29.2 1 0
stad_projekt/storage/postgres/postgres.go:32.45,33.30 1 0
stad_projekt/storage/postgres/postgres.go:36.2,36.27 1 0
stad_projekt/storage/postgres/postgres.go:33.30,35.3 1 0
stad_projekt/storage/postgres/postgres.go:39.54,46.16 4 1
stad_projekt/storage/postgres/postgres.go:52.2,54.3 1 1
stad_projekt/storage/postgres/postgres.go:46.16,48.3 1 0
stad_projekt/storage/postgres/postgres.go:48.8,50.3 1 1
stad_projekt/storage/postgres/admin_postgres.go:23.93,26.16 3 0
stad_projekt/storage/postgres/admin_postgres.go:31.2,35.18 3 0
stad_projekt/storage/postgres/admin_postgres.go:50.2,50.17 1 0
stad_projekt/storage/postgres/admin_postgres.go:26.16,30.3 3 0
stad_projekt/storage/postgres/admin_postgres.go:35.18,41.17 2 0
stad_projekt/storage/postgres/admin_postgres.go:47.3,47.23 1 0
stad_projekt/storage/postgres/admin_postgres.go:41.17,45.4 3 0
stad_projekt/storage/postgres/admin_postgres.go:54.79,59.16 4 0
stad_projekt/storage/postgres/admin_postgres.go:64.2,66.18 2 0
stad_projekt/storage/postgres/admin_postgres.go:82.2,82.17 1 0
stad_projekt/storage/postgres/admin_postgres.go:59.16,63.3 3 0
stad_projekt/storage/postgres/admin_postgres.go:66.18,73.17 2 0
stad_projekt/storage/postgres/admin_postgres.go:79.3,79.23 1 0
stad_projekt/storage/postgres/admin_postgres.go:73.17,77.4 3 0
stad_projekt/storage/postgres/admin_postgres.go:88.51,93.16 3 0
stad_projekt/storage/postgres/admin_postgres.go:98.2,98.23 1 0
stad_projekt/storage/postgres/admin_postgres.go:101.2,101.14 1 0
stad_projekt/storage/postgres/admin_postgres.go:93.16,97.3 3 0
stad_projekt/storage/postgres/admin_postgres.go:98.23,100.3 1 0
stad_projekt/storage/postgres/admin_postgres.go:105.78,106.24 1 0
stad_projekt/storage/postgres/admin_postgres.go:110.81,115.16 4 0
stad_projekt/storage/postgres/admin_postgres.go:120.2,122.18 2 0
stad_projekt/storage/postgres/admin_postgres.go:140.2,140.17 1 0
stad_projekt/storage/postgres/admin_postgres.go:115.16,119.3 3 0
stad_projekt/storage/postgres/admin_postgres.go:122.18,131.17 2 0
stad_projekt/storage/postgres/admin_postgres.go:137.3,137.23 1 0
stad_projekt/storage/postgres/admin_postgres.go:131.17,135.4 3 0
stad_projekt/storage/postgres/admin_postgres.go:144.82,147.165 2 0
stad_projekt/storage/postgres/admin_postgres.go:153.2,153.21 1 0
stad_projekt/storage/postgres/admin_postgres.go:147.165,151.3 3 0
stad_projekt/storage/postgres/admin_postgres.go:157.65,162.16 4 0
stad_projekt/storage/postgres/admin_postgres.go:167.2,169.18 2 0
stad_projekt/storage/postgres/admin_postgres.go:185.2,185.17 1 0
stad_projekt/storage/postgres/admin_postgres.go:162.16,166.3 3 0
stad_projekt/storage/postgres/admin_postgres.go:169.18,176.17 2 0
stad_projekt/storage/postgres/admin_postgres.go:182.3,182.23 1 0
stad_projekt/storage/postgres/admin_postgres.go:176.17,180.4 3 0
stad_projekt/storage/postgres/admin_postgres.go:189.69,194.16 4 0
stad_projekt/storage/postgres/admin_postgres.go:199.2,201.18 2 0
stad_projekt/storage/postgres/admin_postgres.go:217.2,217.17 1 0
stad_projekt/storage/postgres/admin_postgres.go:194.16,198.3 3 0
stad_projekt/storage/postgres/admin_postgres.go:201.18,208.17 2 0
stad_projekt/storage/postgres/admin_postgres.go:214.3,214.23 1 0
stad_projekt/storage/postgres/admin_postgres.go:208.17,212.4 3 0
stad_projekt/storage/postgres/admin_postgres.go:222.76,225.112 2 0
stad_projekt/storage/postgres/admin_postgres.go:230.2,230.21 1 0
stad_projekt/storage/postgres/admin_postgres.go:225.112,229.3 3 0
stad_projekt/storage/postgres/admin_postgres.go:234.75,237.109 2 1
stad_projekt/storage/postgres/admin_postgres.go:242.2,242.20 1 1
stad_projekt/storage/postgres/admin_postgres.go:237.109,241.3 3 0
stad_projekt/storage/postgres/admin_postgres.go:247.71,250.110 2 0
stad_projekt/storage/postgres/admin_postgres.go:255.2,255.20 1 0
stad_projekt/storage/postgres/admin_postgres.go:250.110,254.3 3 0
stad_projekt/storage/postgres/admin_postgres.go:259.74,265.16 3 0
stad_projekt/storage/postgres/admin_postgres.go:272.2,275.67 3 0
stad_projekt/storage/postgres/admin_postgres.go:281.2,281.23 1 0
stad_projekt/storage/postgres/admin_postgres.go:265.16,270.3 3 0
stad_projekt/storage/postgres/admin_postgres.go:275.67,279.3 3 0
stad_projekt/storage/postgres/admin_postgres.go:284.55,288.2 1 1
stad_projekt/storage/postgres/person_postgres.go:12.57,16.2 1 0
